This is pdfTeX, Version 3.141592653-2.6-1.40.26 (TeX Live 2024) (preloaded format=pdflatex 2024.11.21)  13 FEB 2025 09:55
entering extended mode
 restricted \write18 enabled.
 %&-line parsing enabled.
**sup_mat.tex
(./sup_mat.tex
LaTeX2e <2024-11-01>
L3 programming layer <2024-11-02>
(./agutexSI2019.cls


 AGUTeX Journal Style, American Geophysical Union 
 This version is dated January 14, 2019


Document Class: agutexSI2019 01/14/2019
\c@chapter=\count196
\c@section=\count197
\c@subsection=\count198
\c@subsubsection=\count199
\c@figure=\count266
\c@table=\count267
\mathindent=\dimen141
\abovefigcaptionskip=\skip49
\abovetabcaptionskip=\skip50
\abovetableskip=\skip51
\belowtabcaptionskip=\dimen142
\landscapebox=\box52
\c@plate=\count268
\savecurrtable=\box53
\abovetabularskip=\skip52
\belowtabularskip=\skip53
\timing=\count269
\hourcount=\count270
\oldtime=\count271
\totpages=\count272
\belowtitleskip=\dimen143
\abovesubtitleskip=\dimen144
\belowsubtitleskip=\dimen145
\aboveauthorskip=\dimen146
\belowauthorskip=\dimen147
\thanksnum=\count273
\dothanks=\count274
\thankscounter=\count275
\titlethanksnum=\count276
\dotitlethanks=\count277
\titlethankscounter=\count278
\thanksnum=\count279
\dothanks=\count280
\thankscounter=\count281
\authorwidth=\dimen148
\authorbaselineskip=\dimen149
\aboveaffilskip=\dimen150
\belowaffilskip=\dimen151
\affilwidth=\dimen152
\aboveabstractskip=\dimen153
\belowabstractskip=\dimen154
\belowabstractnameskip=\dimen155
\abstractmargin=\dimen156
\abovereceivedskip=\skip54
\aboverevisedskip=\skip55
\aboveacceptedskip=\skip56
\abovepublishededskip=\skip57
\barticle=\box54
\thanksbox=\box55
\titlethanksbox=\box56
\c@appendnum=\count282
\footnum=\count283
\savefootnum=\count284
\ackskip=\skip58
\saveparskip=\dimen157
\captionskip=\dimen158
\PushOneColTopFig=\dimen159
\PushOneColBotFig=\dimen160
\PushOneColTopTab=\dimen161
\PushOneColBotTab=\dimen162
\PushTwoColTopFig=\dimen163
\PushTwoColBotFig=\dimen164
\PushTwoColTopTab=\dimen165
\PushTwoColBotTab=\dimen166
\intextfloatskip=\skip59
\c@appfigure=\count285
\c@apptable=\count286
\c@appplate=\count287
\checkforspace=\dimen167
\savetopinsert=\box57
\savebotinsert=\box58
\secondsavetopinsert=\box59
\secondsavebotinsert=\box60
\firstcolbox=\box61
\secondcolbox=\box62
\thefirstbox=\box63
\thesecondbox=\box64
\firstcol=\dimen168
\secondcol=\dimen169
\checkheight=\dimen170
\loopnum=\count288
\firstcolsavefignum=\count289
\footnotebox=\box65
\ColUsed=\dimen171
\FigSpace=\dimen172
\testdblbotins=\box66
\pageloopnum=\count290
\endcolsavetopinsert=\box67
\endcolsavebotinsert=\box68
\testpagesize=\box69
\savelastskip=\dimen173
\partialpage=\box70
\figandtabnumber=\count291
\figandtabbox=\box71
\pagefloatnumber=\count292
\sizeoffloat=\box72
\bogus=\count293
\figinsert=\insert252
\herebox=\box73
\endfigbox=\box74
\spanbox=\box75
\dbltopins=\box76
\dblbotins=\box77
\dblbotskip=\skip60
\dblfigandtabnumber=\count294
\dblfigandtabbox=\box78
\dblloopnum=\count295
\savedblfigandtabnumber=\count296
\dblspanherebox=\box79
\bigpagenum=\count297
\littlepagenum=\count298
\wholepagenum=\count299
\@cprtype=\count300
\@slugcmmntwidth=\dimen174
\affilnum=\count301
\totalaffils=\count302
\figcount=\count303
\saveequation=\count304
\c@currlett=\count305
\notationwidth=\dimen175
\betweennotationskip=\skip61
\WidestEntry=\dimen176
\premulticols=\dimen177
\page@free=\dimen178
\partial@page=\box80
\multicoltolerance=\count306
\doublecol@number=\count307
\multicolbaselineskip=\skip62
\c@collectmore=\count308
\loopcount=\count309
\fixdimen=\dimen179
\c@unbalance=\count310
\savedimen=\dimen180
\savehsize=\dimen181
\mycolumnwidth=\dimen182
\saveparindent=\dimen183
\saveparskip=\dimen184
\abstractwidth=\dimen185
\currlastnumber=\count311
\altaffilbox=\box81
\sectskip=\skip63
\belowsectionskip=\skip64
\subsectskip=\skip65
\belowsubsectskip=\skip66
\subsubsectskip=\skip67
\belowsubsubsectskip=\skip68
\c@subsubsubsection=\count312
\captionwidth=\dimen186
\widecaptionwidth=\dimen187
\landscapecaptionwidth=\dimen188
\@temptokenb=\toks17
(/home/th2o/.TinyTeX/texmf-dist/tex/latex/apacite/apacite.sty
Package: apacite 2013/07/21 v6.03 APA citation
\c@BibCnt=\count313
\bibleftmargin=\skip69
\bibindent=\skip70
\bibparsep=\skip71
\bibitemsep=\skip72
\biblabelsep=\skip73
) (/home/th2o/.TinyTeX/texmf-dist/tex/latex/url/url.sty
\Urlmuskip=\muskip17
Package: url 2013/09/16  ver 3.4  Verb mode for urls, etc.
)
\beforeendskip=\skip74



 GRL class option, October 1, 2001,
 \documentclass[grl]{AGUTeX}
 ``Geophysical Research Letters'', 
 Published by American Geophysical Union


\titlesize=\dimen189
) (/home/th2o/.TinyTeX/texmf-dist/tex/latex/graphics/graphicx.sty
Package: graphicx 2021/09/16 v1.2d Enhanced LaTeX Graphics (DPC,SPQR)
 (/home/th2o/.TinyTeX/texmf-dist/tex/latex/graphics/keyval.sty
Package: keyval 2022/05/29 v1.15 key=value parser (DPC)
\KV@toks@=\toks18
) (/home/th2o/.TinyTeX/texmf-dist/tex/latex/graphics/graphics.sty
Package: graphics 2024/08/06 v1.4g Standard LaTeX Graphics (DPC,SPQR)
 (/home/th2o/.TinyTeX/texmf-dist/tex/latex/graphics/trig.sty
Package: trig 2023/12/02 v1.11 sin cos tan (DPC)
) (/home/th2o/.TinyTeX/texmf-dist/tex/latex/graphics-cfg/graphics.cfg
File: graphics.cfg 2016/06/04 v1.11 sample graphics configuration
)
Package graphics Info: Driver file: pdftex.def on input line 106.
 (/home/th2o/.TinyTeX/texmf-dist/tex/latex/graphics-def/pdftex.def
File: pdftex.def 2024/04/13 v1.2c Graphics/color driver for pdftex
))
\Gin@req@height=\dimen190
\Gin@req@width=\dimen191
) (/home/th2o/.TinyTeX/texmf-dist/tex/latex/amsfonts/amssymb.sty
Package: amssymb 2013/01/14 v3.01 AMS font symbols
 (/home/th2o/.TinyTeX/texmf-dist/tex/latex/amsfonts/amsfonts.sty
Package: amsfonts 2013/01/14 v3.01 Basic AMSFonts support
\@emptytoks=\toks19
\symAMSa=\mathgroup4
\symAMSb=\mathgroup5
LaTeX Font Info:    Redeclaring math symbol \hbar on input line 98.
LaTeX Font Info:    Overwriting math alphabet `\mathfrak' in version `bold'
(Font)                  U/euf/m/n --> U/euf/b/n on input line 106.
)) (/home/th2o/.TinyTeX/texmf-dist/tex/latex/amsmath/amsmath.sty
Package: amsmath 2024/11/05 v2.17t AMS math features
\@mathmargin=\skip75

For additional information on amsmath, use the `?' option.
(/home/th2o/.TinyTeX/texmf-dist/tex/latex/amsmath/amstext.sty
Package: amstext 2021/08/26 v2.01 AMS text
 (/home/th2o/.TinyTeX/texmf-dist/tex/latex/amsmath/amsgen.sty
File: amsgen.sty 1999/11/30 v2.0 generic functions
\@emptytoks=\toks20
\ex@=\dimen192
)) (/home/th2o/.TinyTeX/texmf-dist/tex/latex/amsmath/amsbsy.sty
Package: amsbsy 1999/11/29 v1.2d Bold Symbols
\pmbraise@=\dimen193
) (/home/th2o/.TinyTeX/texmf-dist/tex/latex/amsmath/amsopn.sty
Package: amsopn 2022/04/08 v2.04 operator names
)
\inf@bad=\count314
LaTeX Info: Redefining \frac on input line 233.
\uproot@=\count315
\leftroot@=\count316
LaTeX Info: Redefining \overline on input line 398.
LaTeX Info: Redefining \colon on input line 409.
\classnum@=\count317
\DOTSCASE@=\count318
LaTeX Info: Redefining \ldots on input line 495.
LaTeX Info: Redefining \dots on input line 498.
LaTeX Info: Redefining \cdots on input line 619.
\Mathstrutbox@=\box82
\strutbox@=\box83
LaTeX Info: Redefining \big on input line 721.
LaTeX Info: Redefining \Big on input line 722.
LaTeX Info: Redefining \bigg on input line 723.
LaTeX Info: Redefining \Bigg on input line 724.
\big@size=\dimen194
LaTeX Font Info:    Redeclaring font encoding OML on input line 742.
LaTeX Font Info:    Redeclaring font encoding OMS on input line 743.
\macc@depth=\count319
LaTeX Info: Redefining \bmod on input line 904.
LaTeX Info: Redefining \pmod on input line 909.
LaTeX Info: Redefining \smash on input line 939.
LaTeX Info: Redefining \relbar on input line 969.
LaTeX Info: Redefining \Relbar on input line 970.
\c@MaxMatrixCols=\count320
\dotsspace@=\muskip18
\c@parentequation=\count321
\dspbrk@lvl=\count322
\tag@help=\toks21
\row@=\count323
\column@=\count324
\maxfields@=\count325
\andhelp@=\toks22
\eqnshift@=\dimen195
\alignsep@=\dimen196
\tagshift@=\dimen197
\tagwidth@=\dimen198
\totwidth@=\dimen199
\lineht@=\dimen256
\@envbody=\toks23
\multlinegap=\skip76
\multlinetaggap=\skip77
\mathdisplay@stack=\toks24
LaTeX Info: Redefining \[ on input line 2953.
LaTeX Info: Redefining \] on input line 2954.
) (/home/th2o/.TinyTeX/texmf-dist/tex/latex/siunitx/siunitx.sty
Package: siunitx 2025-01-21 v3.4.4 A comprehensive (SI) units package
\l__siunitx_number_uncert_offset_int=\count326
\l__siunitx_number_exponent_fixed_int=\count327
\l__siunitx_number_min_decimal_int=\count328
\l__siunitx_number_min_integer_int=\count329
\l__siunitx_number_round_precision_int=\count330
\l__siunitx_number_lower_threshold_int=\count331
\l__siunitx_number_upper_threshold_int=\count332
\l__siunitx_number_group_first_int=\count333
\l__siunitx_number_group_size_int=\count334
\l__siunitx_number_group_minimum_int=\count335
\l__siunitx_angle_tmp_dim=\dimen257
\l__siunitx_angle_marker_box=\box84
\l__siunitx_angle_unit_box=\box85
\l__siunitx_compound_count_int=\count336
\l__siunitx_table_tmp_box=\box86
\l__siunitx_table_tmp_dim=\dimen258
\l__siunitx_table_column_width_dim=\dimen259
\l__siunitx_table_integer_box=\box87
\l__siunitx_table_decimal_box=\box88
\l__siunitx_table_uncert_box=\box89
\l__siunitx_table_before_box=\box90
\l__siunitx_table_after_box=\box91
\l__siunitx_table_before_dim=\dimen260
\l__siunitx_table_carry_dim=\dimen261
\l__siunitx_unit_tmp_int=\count337
\l__siunitx_unit_position_int=\count338
\l__siunitx_unit_total_int=\count339
 (/home/th2o/.TinyTeX/texmf-dist/tex/latex/tools/array.sty
Package: array 2024/10/17 v2.6g Tabular extension package (FMi)
\col@sep=\dimen262
\ar@mcellbox=\box92
\extrarowheight=\dimen263
\NC@list=\toks25
\extratabsurround=\skip78
\backup@length=\skip79
\ar@cellbox=\box93
)) (/home/th2o/.TinyTeX/texmf-dist/tex/latex/base/fontenc.sty
Package: fontenc 2021/04/29 v2.0v Standard LaTeX package
) (/home/th2o/.TinyTeX/texmf-dist/tex/latex/tools/xr.sty
Package: xr 2024-04-10 v6.00 eXternal References (DPC)
)
Package xr Info: IMPORTING LABELS FROM main.aux on input line 130.
 (/home/th2o/.TinyTeX/texmf-dist/tex/generic/soul/soul.sty
Package: soul 2023-06-14 v3.1 Permit use of UTF-8 characters in soul (HO)
 (/home/th2o/.TinyTeX/texmf-dist/tex/generic/soul/soul-ori.sty
Package: soul-ori 2023-06-14 v3.1 letterspacing/underlining (mf)
\SOUL@word=\toks26
\SOUL@lasttoken=\toks27
\SOUL@syllable=\toks28
\SOUL@cmds=\toks29
\SOUL@buffer=\toks30
\SOUL@token=\toks31
\SOUL@syllgoal=\dimen264
\SOUL@syllwidth=\dimen265
\SOUL@charkern=\dimen266
\SOUL@hyphkern=\dimen267
\SOUL@dimen=\dimen268
\SOUL@dimeni=\dimen269
\SOUL@minus=\count340
\SOUL@comma=\count341
\SOUL@apo=\count342
\SOUL@grave=\count343
\SOUL@spaceskip=\skip80
\SOUL@ttwidth=\dimen270
\SOUL@uldp=\dimen271
\SOUL@ulht=\dimen272
) (/home/th2o/.TinyTeX/texmf-dist/tex/generic/infwarerr/infwarerr.sty
Package: infwarerr 2019/12/03 v1.5 Providing info/warning/error messages (HO)
) (/home/th2o/.TinyTeX/texmf-dist/tex/generic/etexcmds/etexcmds.sty
Package: etexcmds 2019/12/15 v1.7 Avoid name clashes with e-TeX commands (HO)
 (/home/th2o/.TinyTeX/texmf-dist/tex/generic/iftex/iftex.sty
Package: iftex 2022/02/03 v1.0f TeX engine tests
))) (/home/th2o/.TinyTeX/texmf-dist/tex/latex/overpic/overpic.sty
Package: overpic 2024/01/06 2.1 picture overlays (RN)


! LaTeX Error: File `epic.sty' not found.

Type X to quit or <RETURN> to proceed,
or enter new name. (Default extension: sty)

Enter file name: 
! Emergency stop.
<read *> 
         
l.24 \newcommand
                *\OVP@scale{\z@}^^M
*** (cannot \read from terminal in nonstop modes)

 
Here is how much of TeX's memory you used:
 6732 strings out of 475322
 139889 string characters out of 5770116
 517156 words of memory out of 5000000
 29587 multiletter control sequences out of 15000+600000
 564060 words of font info for 54 fonts, out of 8000000 for 9000
 14 hyphenation exceptions out of 8191
 62i,0n,70p,480b,117s stack positions out of 10000i,1000n,20000p,200000b,200000s
!  ==> Fatal error occurred, no output PDF file produced!
